Arguments: 
  D:\64\nodejs\node.exe D:\64\nodejs\global\node_modules\yarn\bin\yarn.js add cross-dev -D

PATH: 
  C:\Program Files (x86)\Common Files\Oracle\Java\javapath;C:\Windows\system32;C:\Windows;C:\Windows\System32\Wbem;C:\Windows\System32\WindowsPowerShell\v1.0\;C:\Windows\System32\OpenSSH\;D:\64\nodejs\;D:\64\Python2.7\;D:\64\nodejs\global\;C:\Program Files\MongoDB\Server\5.0\bin;D:\64\Git\cmd;D:\64\phantomjs-2.1.1-windows\bin\;D:\64\MinGW\mingw64\bin\;D:\64\jdk\bin;D:\64\jdk\jre\bin;D:\64\Graphviz\bin;C:\Program Files\Docker\Docker\resources\bin;C:\ProgramData\DockerDesktop\version-bin;D:\64\cmake\bin;D:\64\nodejs\global\bin;C:\Program Files\dotnet\;D:\64\nodejs\yarnData\global\bin;C:\Program Files (x86)\ZeroTier\One\;C:\Users\www\AppData\Local\Microsoft\WindowsApps;C:\Users\www\AppData\Roaming\npm;D:\64\Microsoft VS Code\bin;C:\Program Files\Bandizip\;C:\Users\www\.dotnet\tools

Yarn version: 
  1.22.11

Node version: 
  16.5.0

Platform: 
  win32 x64

Trace: 
  Error: https://registry.npmjs.org/cross-dev: Not found
      at Request.params.callback [as _callback] (D:\64\nodejs\global\node_modules\yarn\lib\cli.js:66992:18)
      at Request.self.callback (D:\64\nodejs\global\node_modules\yarn\lib\cli.js:140763:22)
      at Request.emit (node:events:394:28)
      at Request.<anonymous> (D:\64\nodejs\global\node_modules\yarn\lib\cli.js:141735:10)
      at Request.emit (node:events:394:28)
      at IncomingMessage.<anonymous> (D:\64\nodejs\global\node_modules\yarn\lib\cli.js:141657:12)
      at Object.onceWrapper (node:events:513:28)
      at IncomingMessage.emit (node:events:406:35)
      at endReadableNT (node:internal/streams/readable:1331:12)
      at processTicksAndRejections (node:internal/process/task_queues:83:21)

npm manifest: 
  {
    "name": "editor",
    "version": "1.0.0",
    "description": "?>?>",
    "main": "index.js",
    "license": "MIT",
    "dependencies": {
      "@types/babel-template": "^6.25.2",
      "@types/katex": "^0.11.1",
      "@types/prosemirror-commands": "^1.0.4",
      "@types/prosemirror-inputrules": "^1.0.4",
      "@types/prosemirror-keymap": "^1.0.4",
      "@types/prosemirror-menu": "^1.0.6",
      "@types/prosemirror-model": "^1.13.2",
      "@types/prosemirror-schema-basic": "^1.0.2",
      "@types/prosemirror-schema-list": "^1.0.3",
      "katex": "^0.13.18",
      "prosemirror-commands": "^1.1.10",
      "prosemirror-inputrules": "^1.1.3",
      "prosemirror-keymap": "^1.1.4",
      "prosemirror-menu": "^1.1.4",
      "prosemirror-model": "^1.14.3",
      "prosemirror-schema-basic": "^1.1.2",
      "prosemirror-schema-list": "^1.1.6",
      "prosemirror-state": "^1.3.4",
      "prosemirror-view": "^1.20.1"
    },
    "devDependencies": {},
  
    "scripts": {
      "serve:dev": "cross-env NODE_ENV=development && webpack server --config ./example/webpack.config.js"
    }
  }

yarn manifest: 
  No manifest

Lockfile: 
  # THIS IS AN AUTOGENERATED FILE. DO NOT EDIT THIS FILE DIRECTLY.
  # yarn lockfile v1
  
  
  "@types/babel-template@^6.25.2":
    version "6.25.2"
    resolved "https://registry.npmjs.org/@types/babel-template/-/babel-template-6.25.2.tgz#3c4cde02dbcbbf461a58d095a9f69f35eabd5f06"
    integrity sha512-QKtDQRJmAz3Y1HSxfMl0syIHebMc/NnOeH/8qeD0zjgU2juD0uyC922biMxCy5xjTNvHinigML2l8kxE8eEBmw==
    dependencies:
      "@types/babel-types" "*"
      "@types/babylon" "*"
  
  "@types/babel-types@*":
    version "7.0.11"
    resolved "https://registry.npmjs.org/@types/babel-types/-/babel-types-7.0.11.tgz#263b113fa396fac4373188d73225297fb86f19a9"
    integrity sha512-pkPtJUUY+Vwv6B1inAz55rQvivClHJxc9aVEPPmaq2cbyeMLCiDpbKpcKyX4LAwpNGi+SHBv0tHv6+0gXv0P2A==
  
  "@types/babylon@*":
    version "6.16.6"
    resolved "https://registry.npmjs.org/@types/babylon/-/babylon-6.16.6.tgz#a1e7e01567b26a5ebad321a74d10299189d8d932"
    integrity sha512-G4yqdVlhr6YhzLXFKy5F7HtRBU8Y23+iWy7UKthMq/OSQnL1hbsoeXESQ2LY8zEDlknipDG3nRGhUC9tkwvy/w==
    dependencies:
      "@types/babel-types" "*"
  
  "@types/katex@^0.11.1":
    version "0.11.1"
    resolved "https://registry.npmjs.org/@types/katex/-/katex-0.11.1.tgz#34de04477dcf79e2ef6c8d23b41a3d81f9ebeaf5"
    integrity sha512-DUlIj2nk0YnJdlWgsFuVKcX27MLW0KbKmGVoUHmFr+74FYYNUDAaj9ZqTADvsbE8rfxuVmSFc7KczYn5Y09ozg==
  
  "@types/orderedmap@*":
    version "1.0.0"
    resolved "https://registry.npmjs.org/@types/orderedmap/-/orderedmap-1.0.0.tgz#807455a192bba52cbbb4517044bc82bdbfa8c596"
    integrity sha512-dxKo80TqYx3YtBipHwA/SdFmMMyLCnP+5mkEqN0eMjcTBzHkiiX0ES118DsjDBjvD+zeSsSU9jULTZ+frog+Gw==
  
  "@types/prosemirror-commands@*", "@types/prosemirror-commands@^1.0.4":
    version "1.0.4"
    resolved "https://registry.npmjs.org/@types/prosemirror-commands/-/prosemirror-commands-1.0.4.tgz#d08551415127d93ae62e7239d30db0b5e7208e22"
    integrity sha512-utDNYB3EXLjAfYIcRWJe6pn3kcQ5kG4RijbT/0Y/TFOm6yhvYS/D9eJVnijdg9LDjykapcezchxGRqFD5LcyaQ==
    dependencies:
      "@types/prosemirror-model" "*"
      "@types/prosemirror-state" "*"
      "@types/prosemirror-view" "*"
  
  "@types/prosemirror-inputrules@^1.0.4":
    version "1.0.4"
    resolved "https://registry.npmjs.org/@types/prosemirror-inputrules/-/prosemirror-inputrules-1.0.4.tgz#4cb75054d954aa0f6f42099be05eb6c0e6958bae"
    integrity sha512-lJIMpOjO47SYozQybUkpV6QmfuQt7GZKHtVrvS+mR5UekA8NMC5HRIVMyaIauJLWhKU6oaNjpVaXdw41kh165g==
    dependencies:
      "@types/prosemirror-model" "*"
      "@types/prosemirror-state" "*"
  
  "@types/prosemirror-keymap@^1.0.4":
    version "1.0.4"
    resolved "https://registry.npmjs.org/@types/prosemirror-keymap/-/prosemirror-keymap-1.0.4.tgz#f73c79810e8d0e0a20d153d84f998f02e5afbc0c"
    integrity sha512-ycevwkqUh+jEQtPwqO7sWGcm+Sybmhu8MpBsM8DlO3+YTKnXbKA6SDz/+q14q1wK3UA8lHJyfR+v+GPxfUSemg==
    dependencies:
      "@types/prosemirror-commands" "*"
      "@types/prosemirror-model" "*"
      "@types/prosemirror-state" "*"
      "@types/prosemirror-view" "*"
  
  "@types/prosemirror-menu@^1.0.6":
    version "1.0.6"
    resolved "https://registry.npmjs.org/@types/prosemirror-menu/-/prosemirror-menu-1.0.6.tgz#5de3b6fcceb118fed50f1f0419056291ad7a21f8"
    integrity sha512-teKfCPnnbYeB8DJiUIof4N0f8kyWbQP3BagEBRP6r+7/o0fiqHsnrex8GXuCSNNUqlpSpDQkJy52aq4jvzmDpg==
    dependencies:
      "@types/prosemirror-model" "*"
      "@types/prosemirror-state" "*"
      "@types/prosemirror-view" "*"
  
  "@types/prosemirror-model@*", "@types/prosemirror-model@^1.13.2":
    version "1.13.2"
    resolved "https://registry.npmjs.org/@types/prosemirror-model/-/prosemirror-model-1.13.2.tgz#2adad3ec478f83204f155d7fb94c9dfde2fc3296"
    integrity sha512-a2rDB0aZ+7aIP7uBqQq1wLb4Hg4qqEvpkCqvhsgT/gG8IWC0peCAZfQ24sgTco0qSJLeDgIbtPeU6mgr869/kg==
    dependencies:
      "@types/orderedmap" "*"
  
  "@types/prosemirror-schema-basic@^1.0.2":
    version "1.0.2"
    resolved "https://registry.npmjs.org/@types/prosemirror-schema-basic/-/prosemirror-schema-basic-1.0.2.tgz#d6ba0f9e1dd054a312ff6fbf5b38e10b067c3d66"
    integrity sha512-dzT/6t+dq8/On1be0yarcOIu8wROjhK8QB5wslpLbtTIr5wb0iQv/esJm/KAHcD/PBXR9nSV4TL5AtQmBrcRnw==
    dependencies:
      "@types/prosemirror-model" "*"
  
  "@types/prosemirror-schema-list@^1.0.3":
    version "1.0.3"
    resolved "https://registry.npmjs.org/@types/prosemirror-schema-list/-/prosemirror-schema-list-1.0.3.tgz#bdf1893a7915fbdc5c49b3cac9368e96213d70de"
    integrity sha512-uWybOf+M2Ea7rlbs0yLsS4YJYNGXYtn4N+w8HCw3Vvfl6wBAROzlMt0gV/D/VW/7J/LlAjwMezuGe8xi24HzXA==
    dependencies:
      "@types/orderedmap" "*"
      "@types/prosemirror-model" "*"
      "@types/prosemirror-state" "*"
  
  "@types/prosemirror-state@*":
    version "1.2.7"
    resolved "https://registry.npmjs.org/@types/prosemirror-state/-/prosemirror-state-1.2.7.tgz#cd55062e4043a31e3426f47668f1d7038b5d8dfb"
    integrity sha512-clJf5uw3/XQnBJtl2RqYXoLMGBySnLYl43xtDvFfQZKkLnnYcM1SDU8dcz7lWjl2Dm+H98RpLOl44pp7DYT+wA==
    dependencies:
      "@types/prosemirror-model" "*"
      "@types/prosemirror-transform" "*"
      "@types/prosemirror-view" "*"
  
  "@types/prosemirror-transform@*":
    version "1.1.4"
    resolved "https://registry.npmjs.org/@types/prosemirror-transform/-/prosemirror-transform-1.1.4.tgz#c3565e81b2ef3ce3254e6927d6f63eb8d7bb20d0"
    integrity sha512-HP1PauvkqSgDquZut8HaLOTUDQ6jja/LAy4OA7tTS1XG7wqRnX3gLUyEj0mD6vFd4y8BPkNddNdOh/BeGHlUjg==
    dependencies:
      "@types/prosemirror-model" "*"
  
  "@types/prosemirror-view@*":
    version "1.19.1"
    resolved "https://registry.npmjs.org/@types/prosemirror-view/-/prosemirror-view-1.19.1.tgz#f12309ef07dfb701d20c2e4d0292d42ba34a081b"
    integrity sha512-fyQ4NVxAdfISWrE2qT8cpZdosXoH/1JuVYMBs9CdaXPbvi/8R2L2tkkcMRM314piKrO8nfYH5OBZKzP2Ax3jtA==
    dependencies:
      "@types/prosemirror-model" "*"
      "@types/prosemirror-state" "*"
      "@types/prosemirror-transform" "*"
  
  commander@^6.0.0:
    version "6.2.1"
    resolved "https://registry.npmjs.org/commander/-/commander-6.2.1.tgz#0792eb682dfbc325999bb2b84fddddba110ac73c"
    integrity sha512-U7VdrJFnJgo4xjrHpTzu0yrHPGImdsmD95ZlgYSEajAn2JKzDhDTPG9kBTefmObL2w/ngeZnilk+OV9CG3d7UA==
  
  crelt@^1.0.0:
    version "1.0.5"
    resolved "https://registry.npmjs.org/crelt/-/crelt-1.0.5.tgz#57c0d52af8c859e354bace1883eb2e1eb182bb94"
    integrity sha512-+BO9wPPi+DWTDcNYhr/W90myha8ptzftZT+LwcmUbbok0rcP/fequmFYCw8NMoH7pkAZQzU78b3kYrlua5a9eA==
  
  katex@^0.13.18:
    version "0.13.18"
    resolved "https://registry.npmjs.org/katex/-/katex-0.13.18.tgz#ba89e8e4b70cc2325e25e019a62b9fe71e5c2931"
    integrity sha512-a3dC4NSVSDU3O1WZbTnOiA8rVNJ2lSiomOl0kmckCIGObccIHXof7gAseIY0o1gjEspe+34ZeSEX2D1ChFKIvA==
    dependencies:
      commander "^6.0.0"
  
  orderedmap@^1.1.0:
    version "1.1.1"
    resolved "https://registry.npmjs.org/orderedmap/-/orderedmap-1.1.1.tgz#c618e77611b3b21d0fe3edc92586265e0059c789"
    integrity sha512-3Ux8um0zXbVacKUkcytc0u3HgC0b0bBLT+I60r2J/En72cI0nZffqrA7Xtf2Hqs27j1g82llR5Mhbd0Z1XW4AQ==
  
  prosemirror-commands@^1.0.0, prosemirror-commands@^1.1.10:
    version "1.1.10"
    resolved "https://registry.npmjs.org/prosemirror-commands/-/prosemirror-commands-1.1.10.tgz#406a6589966e6cd80809cea2d801fb998639b37d"
    integrity sha512-IWyBBXNAd44RM6NnBPljwq+/CM2oYCQJkF+YhKEAZNwzW0uFdGf4qComhjbKZzqFdu6Iub2ZhNsXgwPibA0lCQ==
    dependencies:
      prosemirror-model "^1.0.0"
      prosemirror-state "^1.0.0"
      prosemirror-transform "^1.0.0"
  
  prosemirror-history@^1.0.0:
    version "1.2.0"
    resolved "https://registry.npmjs.org/prosemirror-history/-/prosemirror-history-1.2.0.tgz#04cc4df8d2f7b2a46651a2780de191ada6d465ea"
    integrity sha512-B9v9xtf4fYbKxQwIr+3wtTDNLDZcmMMmGiI3TAPShnUzvo+Rmv1GiUrsQChY1meetHl7rhML2cppF3FTs7f7UQ==
    dependencies:
      prosemirror-state "^1.2.2"
      prosemirror-transform "^1.0.0"
      rope-sequence "^1.3.0"
  
  prosemirror-inputrules@^1.1.3:
    version "1.1.3"
    resolved "https://registry.npmjs.org/prosemirror-inputrules/-/prosemirror-inputrules-1.1.3.tgz#93f9199ca02473259c30d7e352e4c14022d54638"
    integrity sha512-ZaHCLyBtvbyIHv0f5p6boQTIJjlD6o2NPZiEaZWT2DA+j591zS29QQEMT4lBqwcLW3qRSf7ZvoKNbf05YrsStw==
    dependencies:
      prosemirror-state "^1.0.0"
      prosemirror-transform "^1.0.0"
  
  prosemirror-keymap@^1.1.4:
    version "1.1.4"
    resolved "https://registry.npmjs.org/prosemirror-keymap/-/prosemirror-keymap-1.1.4.tgz#8b481bf8389a5ac40d38dbd67ec3da2c7eac6a6d"
    integrity sha512-Al8cVUOnDFL4gcI5IDlG6xbZ0aOD/i3B17VT+1JbHWDguCgt/lBHVTHUBcKvvbSg6+q/W4Nj1Fu6bwZSca3xjg==
    dependencies:
      prosemirror-state "^1.0.0"
      w3c-keyname "^2.2.0"
  
  prosemirror-menu@^1.1.4:
    version "1.1.4"
    resolved "https://registry.npmjs.org/prosemirror-menu/-/prosemirror-menu-1.1.4.tgz#a845ae0e14ce1f92dd39d7f23caa6063265cd98c"
    integrity sha512-2ROsji/X9ciDnVSRvSTqFygI34GEdHfQSsK4zBKjPxSEroeiHHcdRMS1ofNIf2zM0Vpp5/YqfpxynElymQkqzg==
    dependencies:
      crelt "^1.0.0"
      prosemirror-commands "^1.0.0"
      prosemirror-history "^1.0.0"
      prosemirror-state "^1.0.0"
  
  prosemirror-model@^1.0.0, prosemirror-model@^1.14.3, prosemirror-model@^1.2.0:
    version "1.14.3"
    resolved "https://registry.npmjs.org/prosemirror-model/-/prosemirror-model-1.14.3.tgz#a9c250d3c4023ddf10ecb41a0a7a130e9741d37e"
    integrity sha512-yzZlBaSxfUPIIP6U5Edh5zKxJPZ5f7bwZRhiCuH3UYkWhj+P3d8swHsbuAMOu/iDatDc5J/Qs5Mb3++mZf+CvQ==
    dependencies:
      orderedmap "^1.1.0"
  
  prosemirror-schema-basic@^1.1.2:
    version "1.1.2"
    resolved "https://registry.npmjs.org/prosemirror-schema-basic/-/prosemirror-schema-basic-1.1.2.tgz#4bde5c339c845e0d08ec8fe473064e372ca51ae3"
    integrity sha512-G4q8WflNsR1Q33QAV4MQO0xWrHLOJ+BQcKswGXMy626wlQj6c/1n1v4eC9ns+h2y1r/fJHZEgSZnsNhm9lbrDw==
    dependencies:
      prosemirror-model "^1.2.0"
  
  prosemirror-schema-list@^1.1.6:
    version "1.1.6"
    resolved "https://registry.npmjs.org/prosemirror-schema-list/-/prosemirror-schema-list-1.1.6.tgz#c3e13fe2f74750e4a53ff88d798dc0c4ccca6707"
    integrity sha512-aFGEdaCWmJzouZ8DwedmvSsL50JpRkqhQ6tcpThwJONVVmCgI36LJHtoQ4VGZbusMavaBhXXr33zyD2IVsTlkw==
    dependencies:
      prosemirror-model "^1.0.0"
      prosemirror-transform "^1.0.0"
  
  prosemirror-state@^1.0.0, prosemirror-state@^1.2.2, prosemirror-state@^1.3.4:
    version "1.3.4"
    resolved "https://registry.npmjs.org/prosemirror-state/-/prosemirror-state-1.3.4.tgz#4c6b52628216e753fc901c6d2bfd84ce109e8952"
    integrity sha512-Xkkrpd1y/TQ6HKzN3agsQIGRcLckUMA9u3j207L04mt8ToRgpGeyhbVv0HI7omDORIBHjR29b7AwlATFFf2GLA==
    dependencies:
      prosemirror-model "^1.0.0"
      prosemirror-transform "^1.0.0"
  
  prosemirror-transform@^1.0.0, prosemirror-transform@^1.1.0:
    version "1.3.2"
    resolved "https://registry.npmjs.org/prosemirror-transform/-/prosemirror-transform-1.3.2.tgz#5620ebe7379e6fae4f34ecc881886cb22ce96579"
    integrity sha512-/G6d/u9Mf6Bv3H1XR8VxhpjmUO75LYmnvj+s3ZfZpakU1hnQbsvCEybml1B3f2IWUAAQRFkbO1PnsbFhLZsYsw==
    dependencies:
      prosemirror-model "^1.0.0"
  
  prosemirror-view@^1.20.1:
    version "1.20.1"
    resolved "https://registry.npmjs.org/prosemirror-view/-/prosemirror-view-1.20.1.tgz#174ba8ca358c73cc05e9a92a3d252bcf181ea337"
    integrity sha512-djWORhy3a706mUH4A2dgEEV0IPZqQd1tFyz/ZVHJNoqhSgq82FwG6dq7uqHeUB2KdVSNfI2yc3rwfqlC/ll2pA==
    dependencies:
      prosemirror-model "^1.14.3"
      prosemirror-state "^1.0.0"
      prosemirror-transform "^1.1.0"
  
  rope-sequence@^1.3.0:
    version "1.3.2"
    resolved "https://registry.npmjs.org/rope-sequence/-/rope-sequence-1.3.2.tgz#a19e02d72991ca71feb6b5f8a91154e48e3c098b"
    integrity sha512-ku6MFrwEVSVmXLvy3dYph3LAMNS0890K7fabn+0YIRQ2T96T9F4gkFf0vf0WW0JUraNWwGRtInEpH7yO4tbQZg==
  
  w3c-keyname@^2.2.0:
    version "2.2.4"
    resolved "https://registry.npmjs.org/w3c-keyname/-/w3c-keyname-2.2.4.tgz#4ade6916f6290224cdbd1db8ac49eab03d0eef6b"
    integrity sha512-tOhfEwEzFLJzf6d1ZPkYfGj+FWhIpBux9ppoP3rlclw3Z0BZv3N7b7030Z1kYth+6rDuAsXUFr+d0VE6Ed1ikw==
